Arguments: 
  D:\Mampionona1\Traitement\Utilitaire\nvm\v16.12.0\node.exe D:\Mampionona1\Traitement\Utilitaire\nvm\v16.12.0\node_modules\yarn\bin\yarn.js

PATH: 
  C:\Program Files (x86)\Intel\iCLS Client\;C:\Program Files\Intel\iCLS Client\;C:\Program Files (x86)\Common Files\Oracle\Java\javapath;C:\ProgramData\Oracle\Java\javapath;C:\Windows\system32;C:\Windows;C:\Windows\System32\Wbem;C:\Windows\System32\WindowsPowerShell\v1.0\;C:\Windows\System32\OpenSSH\;C:\Program Files (x86)\QuickTime\QTSystem\;C:\Program Files (x86)\Druide\Antidote 9\Application\Bin64\;C:\Program Files (x86)\Druide\Antidote 9\Application\Bin32\;C:\Program Files (x86)\Intel\Intel(R) Management Engine Components\DAL;C:\Program Files\Intel\Intel(R) Management Engine Components\DAL;C:\Program Files (x86)\Intel\Intel(R) Management Engine Components\IPT;C:\Program Files\Intel\Intel(R) Management Engine Components\IPT;C:\Program Files (x86)\AMD\ATI.ACE\Core-Static;C:\Program Files\Intel\iCLS Client\;C:\Program Files (x86)\Common Files\Oracle\Java\javapath;C:\ProgramData\Oracle\Java\javapath;C:\Windows\system32;C:\Windows;C:\Windows\System32\Wbem;C:\Windows\System32\WindowsPowerShell\v1.0\;C:\Windows\System32\OpenSSH\;C:\Program Files (x86)\QuickTime\QTSystem\;C:\Program Files (x86)\Druide\Antidote 9\Application\Bin64\;C:\Program Files (x86)\Druide\Antidote 9\Application\Bin32\;C:\Program Files (x86)\Intel\Intel(R) Management Engine Components\DAL;C:\Program Files\Intel\Intel(R) Management Engine Components\DAL;C:\Program Files (x86)\Intel\Intel(R) Management Engine Components\IPT;C:\Program Files\Intel\Intel(R) Management Engine Components\IPT;C:\Program Files (x86)\AMD\ATI.ACE\Core-Static;D:\Mampionona1\Traitement\Utilitaire\php-7.4.16-nts-Win32-vc15-x64;D:\Mampionona1\Traitement\Utilitaire\PortableGit\cmd;D:\Mampionona1\Traitement\Utilitaire\curl-7.76.1-win64-mingw\bin;D:\Mampionona1\Traitement\Utilitaire\VSCode-win32-ia32-1.53.0\bin;D:\Mampionona1\Traitement\Utilitaire\nvm;D:\Mampionona1\Traitement\Utilitaire\nodejs;D:\Mampionona1\Traitement\Utilitaire\nvm\v16.12.0;

Yarn version: 
  1.22.17

Node version: 
  16.12.0

Platform: 
  win32 x64

Trace: 
  Error: https://registry.yarnpkg.com/@mui/icons-material/-/icons-material-5.2.0.tgz: ESOCKETTIMEDOUT
      at ClientRequest.<anonymous> (D:\Mampionona1\Traitement\Utilitaire\nvm\v16.12.0\node_modules\yarn\lib\cli.js:141510:19)
      at Object.onceWrapper (node:events:509:28)
      at ClientRequest.emit (node:events:390:28)
      at TLSSocket.emitRequestTimeout (node:_http_client:763:9)
      at Object.onceWrapper (node:events:509:28)
      at TLSSocket.emit (node:events:402:35)
      at TLSSocket.Socket._onTimeout (node:net:501:8)
      at listOnTimeout (node:internal/timers:557:17)
      at processTimers (node:internal/timers:500:7)

npm manifest: 
  {
    "name": "task_tracker_ui",
    "version": "1.0.0",
    "main": "uiserver.js",
    "license": "MIT",
    "scripts": {
      "#start": "UI server. HMR is enabled in dev mode.",
      "start": "nodemon -w uiserver.js -w .env usiserver.js",
      "watch": "webpack --watch "
    },
    "dependencies": {
      "@babel/polyfill": "^7.12.1",
      "@emotion/react": "^11.6.0",
      "@emotion/styled": "^11.6.0",
      "@mui/icons-material": "^5.1.1",
      "@mui/material": "^5.1.1",
      "@mui/styles": "^5.2.0",
      "axios": "^0.24.0",
      "babel-polyfill": "^6.26.0",
      "core-js": "2",
      "dotenv": "^10.0.0",
      "express": "^4.17.1",
      "http-proxy-middleware": "^2.0.1",
      "nodemon": "^2.0.15",
      "path-browserify": "^1.0.1",
      "react": "^17.0.2",
      "react-dom": "^17.0.2",
      "react-router-dom": "^6.0.2"
    },
    "devDependencies": {
      "@babel/cli": "^7.16.0",
      "@babel/core": "^7.16.0",
      "@babel/preset-env": "^7.16.4",
      "@babel/preset-react": "^7.16.0",
      "babel-loader": "^8.2.3",
      "css-loader": "^6.5.1",
      "eslint": "^8.2.0",
      "eslint-config-airbnb": "^19.0.0",
      "eslint-plugin-import": "^2.25.3",
      "eslint-plugin-jsx-a11y": "^6.5.1",
      "style-loader": "^3.3.1",
      "webpack": "^5.64.1",
      "webpack-cli": "^4.9.1",
      "webpack-dev-middleware": "^5.2.2",
      "webpack-hot-middleware": "^2.25.1"
    }
  }

yarn manifest: 
  No manifest

Lockfile: 
  No lockfile
