Arguments: 
  C:\Program Files\nodejs\node.exe C:\Program Files\nodejs\node_modules\yarn\bin\yarn.js

PATH: 
  C:\Windows\system32;C:\Windows;C:\Windows\System32\Wbem;C:\Windows\System32\WindowsPowerShell\v1.0\;C:\Program Files\Git\cmd;C:\Program Files\Microsoft VS Code\bin;C:\Users\mampionona\AppData\Roaming\nvm;C:\Program Files\nodejs;;C:\Users\mampionona\AppData\Roaming\nvm;C:\Program Files\nodejs

Yarn version: 
  1.22.15

Node version: 
  12.22.6

Platform: 
  win32 x64

Trace: 
  Error: getaddrinfo ENOTFOUND registry.yarnpkg.com
      at GetAddrInfoReqWrap.onlookup [as oncomplete] (dns.js:66:26)

npm manifest: 
  {
    "name": "tasck_tracker_api",
    "version": "1.0.0",
    "description": "",
    "main": "server.js",
    "scripts": {
      "test": "echo \"Error: no test specified\" && exit 1",
      "start": "nodemon -w ./src -e js,graphql -w .env ./src/server.js "
    },
    "keywords": [],
    "author": "",
    "license": "ISC",
    "dependencies": {
      "apollo-server": "^3.4.0",
      "apollo-server-express": "^3.4.0",
      "dotenv": "^10.0.0",
      "express": "^4.17.1",
      "graphql": "^15.6.1",
      "mongodb": "^4.1.3",
      "nodemon": "^2.0.14",
      "yarn": "^1.22.17"
    },
    "devDependencies": {
      "@graphql-tools/schema": "^8.3.1",
      "eslint": "^8.1.0",
      "eslint-config-airbnb-base": "^14.2.1",
      "eslint-plugin-import": "^2.25.2"
    }
  }

yarn manifest: 
  No manifest

Lockfile: 
  No lockfile
